<?xml version="1.0" encoding="UTF-8"?>
<!-- Generated by org.testng.reporters.JUnitXMLReporter -->
<testsuite ignored="1" hostname="LAPTOP-38FUG744" failures="1" tests="1" name="AcceptedUsers" time="2.375" errors="0" timestamp="2024-07-23T16:39:18 IST">
  <testcase classname="testScript.AcceptedUserlogin" name="testLogin" time="0.644">
    <failure type="java.lang.AssertionError" message="expected [lajd] but found [Swag Labs]">
      <![CDATA[java.lang.AssertionError: expected [lajd] but found [Swag Labs]
at testScript.AcceptedUserlogin.testLogin(AcceptedUserlogin.java:51)
at java.base/java.util.ArrayList.forEach(ArrayList.java:1541)
... Removed 33 stack frames]]>
    </failure>
  </testcase> <!-- testLogin -->
  <testcase classname="testScript.AcceptedUserlogin" name="checklogin" time="0.0">
    <ignored/>
  </testcase> <!-- checklogin -->
</testsuite> <!-- AcceptedUsers -->
