<?xml version="1.0" encoding="UTF-8"?>
<!-- Generated by org.testng.reporters.JUnitXMLReporter -->
<testsuite ignored="0" hostname="LAPTOP-38FUG744" failures="0" tests="6" name="Test" time="2.951" errors="0" timestamp="2024-06-28T22:13:50 IST">
  <testcase classname="testScript.E2Eflow" name="verifytitle" time="0.077"/>
  <testcase classname="testScript.E2Eflow" name="verifyMenu" time="0.123"/>
  <testcase classname="testScript.E2Eflow" name="selectItems" time="0.08"/>
  <testcase classname="testScript.E2Eflow" name="selectItems" time="0.117"/>
  <testcase classname="testScript.E2Eflow" name="checkcart" time="0.13"/>
  <testcase classname="testScript.E2Eflow" name="checkcart" time="0.101"/>
</testsuite> <!-- Test -->
