<?xml version="1.0" encoding="UTF-8"?>
<testng-results ignored="0" total="2" passed="2" failed="0" skipped="0">
  <reporter-output>
  </reporter-output>
  <suite started-at="2024-07-23T18:14:51 IST" name="Suite" finished-at="2024-07-23T18:15:01 IST" duration-ms="9702">
    <groups>
      <group name="purchase">
        <method signature="E2Eflow.Addtocart(java.util.HashMap)[pri:0, instance:testScript.E2Eflow@e70f13a]" name="Addtocart" class="testScript.E2Eflow"/>
      </group> <!-- purchase -->
    </groups>
    <test started-at="2024-07-23T18:14:51 IST" name="E2E" finished-at="2024-07-23T18:15:01 IST" duration-ms="9702">
      <class name="testScript.E2Eflow">
        <test-method is-config="true" signature="intializeapp()[pri:0, instance:testScript.E2Eflow@e70f13a]" started-at="2024-07-23T18:14:51 IST" name="intializeapp" finished-at="2024-07-23T18:14:54 IST" duration-ms="2361" status="PASS">
          <reporter-output>
          </reporter-output>
        </test-method> <!-- intializeapp -->
        <test-method signature="Addtocart(java.util.HashMap)[pri:0, instance:testScript.E2Eflow@e70f13a]" started-at="2024-07-23T18:14:54 IST" name="Addtocart" data-provider="getData" finished-at="2024-07-23T18:14:57 IST" duration-ms="3493" status="PASS">
          <params>
            <param index="0">
              <value>
                <![CDATA[{product2=Sauce Labs Fleece Jacket, product1=Sauce Labs Backpack, password=secret_sauce, user=standard_user}]]>
              </value>
            </param>
          </params>
          <reporter-output>
          </reporter-output>
        </test-method> <!-- Addtocart -->
        <test-method signature="Addtocart(java.util.HashMap)[pri:0, instance:testScript.E2Eflow@e70f13a]" started-at="2024-07-23T18:14:57 IST" name="Addtocart" data-provider="getData" finished-at="2024-07-23T18:15:01 IST" duration-ms="3478" status="PASS">
          <params>
            <param index="0">
              <value>
                <![CDATA[{product2=Sauce Labs Bolt T-Shirt, product1=Sauce Labs Onesie, password=secret_sauce, user=visual_user}]]>
              </value>
            </param>
          </params>
          <reporter-output>
          </reporter-output>
        </test-method> <!-- Addtocart -->
        <test-method is-config="true" signature="closebrowser()[pri:0, instance:testScript.E2Eflow@e70f13a]" started-at="2024-07-23T18:15:01 IST" name="closebrowser" finished-at="2024-07-23T18:15:01 IST" duration-ms="50" status="PASS">
          <reporter-output>
          </reporter-output>
        </test-method> <!-- closebrowser -->
      </class> <!-- testScript.E2Eflow -->
    </test> <!-- E2E -->
  </suite> <!-- Suite -->
</testng-results>
